[2013-10-20 21:49:59,735] DEBUG [myfruitcake.views:315] Entering upload_file()
[2013-10-20 21:50:17,794] DEBUG [myfruitcake.views:315] Entering upload_file()
[2013-10-20 21:50:30,969] DEBUG [myfruitcake.models:65] Entering fruitcake.save()
[2013-10-20 21:54:15,521] DEBUG [myfruitcake.views:315] Entering upload_file()
[2013-10-20 21:54:32,687] DEBUG [myfruitcake.views:315] Entering upload_file()
[2013-10-21 12:00:39,946] DEBUG [myfruitcake.views:315] Entering upload_file()
[2013-10-21 12:01:28,535] DEBUG [myfruitcake.views:315] Entering upload_file()
[2013-10-21 12:02:15,791] DEBUG [myfruitcake.models:65] Entering fruitcake.save()
[2013-10-21 12:04:16,435] DEBUG [myfruitcake.views:315] Entering upload_file()
[2013-10-21 12:04:35,014] DEBUG [myfruitcake.views:315] Entering upload_file()
[2013-10-21 12:05:48,755] DEBUG [myfruitcake.models:65] Entering fruitcake.save()
[2013-10-21 12:06:46,214] DEBUG [myfruitcake.views:315] Entering upload_file()
[2013-10-21 12:07:48,954] DEBUG [myfruitcake.views:315] Entering upload_file()
[2013-10-21 12:08:15,773] DEBUG [myfruitcake.models:65] Entering fruitcake.save()
[2013-10-21 12:11:49,706] DEBUG [myfruitcake.views:315] Entering upload_file()
[2013-10-21 12:12:13,528] DEBUG [myfruitcake.views:315] Entering upload_file()
[2013-10-21 12:16:12,295] DEBUG [myfruitcake.models:65] Entering fruitcake.save()
[2013-10-21 12:18:05,682] DEBUG [myfruitcake.views:315] Entering upload_file()
[2013-10-21 12:18:24,895] DEBUG [myfruitcake.views:315] Entering upload_file()
[2013-10-21 12:18:47,321] DEBUG [myfruitcake.models:65] Entering fruitcake.save()
[2013-10-23 21:39:48,824] DEBUG [myfruitcake.views:315] Entering upload_file()
[2013-10-23 21:39:49,036] DEBUG [myfruitcake.views:315] Entering upload_file()
[2013-10-23 21:39:49,078] DEBUG [myfruitcake.models:65] Entering fruitcake.save()
[2013-10-23 21:40:28,015] DEBUG [myfruitcake.models:65] Entering fruitcake.save()
[2013-10-23 21:40:46,843] DEBUG [myfruitcake.models:65] Entering fruitcake.save()
[2013-10-23 21:40:54,549] DEBUG [myfruitcake.models:65] Entering fruitcake.save()
[2013-10-23 21:42:22,356] DEBUG [myfruitcake.views:315] Entering upload_file()
[2013-10-23 21:42:22,568] DEBUG [myfruitcake.views:315] Entering upload_file()
[2013-10-23 21:42:22,611] DEBUG [myfruitcake.models:65] Entering fruitcake.save()
[2013-10-23 21:42:26,788] DEBUG [myfruitcake.models:65] Entering fruitcake.save()
[2013-10-23 21:42:27,276] DEBUG [myfruitcake.models:65] Entering fruitcake.save()
[2013-10-23 21:42:49,745] DEBUG [myfruitcake.models:65] Entering fruitcake.save()
[2013-10-23 21:45:35,161] DEBUG [myfruitcake.views:315] Entering upload_file()
[2013-10-23 21:45:35,376] DEBUG [myfruitcake.views:315] Entering upload_file()
[2013-10-23 21:45:35,418] DEBUG [myfruitcake.models:65] Entering fruitcake.save()
[2013-10-23 21:47:21,406] DEBUG [myfruitcake.models:65] Entering fruitcake.save()
[2013-10-23 21:48:29,342] DEBUG [myfruitcake.models:65] Entering fruitcake.save()
[2013-10-23 21:49:34,820] DEBUG [myfruitcake.models:65] Entering fruitcake.save()
[2013-10-23 21:49:43,853] DEBUG [myfruitcake.models:65] Entering fruitcake.save()
[2013-10-23 21:52:07,150] DEBUG [myfruitcake.views:315] Entering upload_file()
[2013-10-23 21:52:07,364] DEBUG [myfruitcake.views:315] Entering upload_file()
[2013-10-23 21:52:07,406] DEBUG [myfruitcake.models:65] Entering fruitcake.save()
[2013-10-23 21:52:28,113] DEBUG [myfruitcake.models:65] Entering fruitcake.save()
[2013-10-23 21:54:27,108] DEBUG [myfruitcake.views:315] Entering upload_file()
[2013-10-23 21:54:27,319] DEBUG [myfruitcake.views:315] Entering upload_file()
[2013-10-23 21:54:27,361] DEBUG [myfruitcake.models:65] Entering fruitcake.save()
[2013-10-23 21:54:35,796] DEBUG [myfruitcake.models:65] Entering fruitcake.save()
[2013-10-23 21:55:22,249] DEBUG [myfruitcake.models:65] Entering fruitcake.save()
[2013-10-23 22:16:47,659] DEBUG [myfruitcake.views:318] Entering upload_file()
[2013-10-23 22:16:47,872] DEBUG [myfruitcake.views:318] Entering upload_file()
[2013-10-23 22:16:47,915] DEBUG [myfruitcake.models:65] Entering fruitcake.save()
[2013-10-23 22:17:17,006] DEBUG [myfruitcake.models:65] Entering fruitcake.save()
[2013-10-23 22:17:52,078] DEBUG [myfruitcake.models:65] Entering fruitcake.save()
[2013-10-23 22:20:02,109] DEBUG [myfruitcake.views:151] Email validation error: [u'Enter a valid email address.']
[2013-10-23 22:21:20,443] DEBUG [myfruitcake.models:65] Entering fruitcake.save()
[2013-10-23 22:25:16,831] DEBUG [myfruitcake.views:322] Entering upload_file()
[2013-10-23 22:25:17,042] DEBUG [myfruitcake.views:322] Entering upload_file()
[2013-10-23 22:25:17,084] DEBUG [myfruitcake.models:65] Entering fruitcake.save()
[2013-10-23 22:26:30,494] DEBUG [myfruitcake.views:322] Entering upload_file()
[2013-10-23 22:26:30,706] DEBUG [myfruitcake.views:322] Entering upload_file()
[2013-10-23 22:26:30,748] DEBUG [myfruitcake.models:65] Entering fruitcake.save()
[2013-10-23 22:27:20,752] DEBUG [myfruitcake.models:65] Entering fruitcake.save()
[2013-10-23 22:28:12,534] DEBUG [myfruitcake.models:65] Entering fruitcake.save()
[2013-10-23 22:28:51,330] DEBUG [myfruitcake.views:151] Email validation error: [u'Enter a valid email address.']
[2013-10-23 22:29:11,626] DEBUG [myfruitcake.models:65] Entering fruitcake.save()
[2013-10-23 22:32:33,340] DEBUG [myfruitcake.views:323] Entering upload_file()
[2013-10-23 22:32:33,553] DEBUG [myfruitcake.views:323] Entering upload_file()
[2013-10-23 22:32:33,596] DEBUG [myfruitcake.models:65] Entering fruitcake.save()
[2013-10-23 22:32:38,725] DEBUG [myfruitcake.models:65] Entering fruitcake.save()
[2013-10-23 22:33:41,915] DEBUG [myfruitcake.models:65] Entering fruitcake.save()
[2013-10-23 22:34:01,099] DEBUG [myfruitcake.views:151] Email validation error: [u'Enter a valid email address.']
[2013-10-23 22:37:32,184] DEBUG [myfruitcake.views:323] Entering upload_file()
[2013-10-23 22:37:32,396] DEBUG [myfruitcake.views:323] Entering upload_file()
[2013-10-23 22:39:46,806] DEBUG [myfruitcake.views:323] Entering upload_file()
[2013-10-23 22:39:47,022] DEBUG [myfruitcake.views:323] Entering upload_file()
[2013-10-23 22:44:59,019] DEBUG [myfruitcake.views:324] Entering upload_file()
[2013-10-23 22:44:59,232] DEBUG [myfruitcake.views:324] Entering upload_file()
[2013-10-23 22:45:48,986] DEBUG [myfruitcake.models:65] Entering fruitcake.save()
[2013-10-23 22:46:49,630] DEBUG [myfruitcake.models:65] Entering fruitcake.save()
[2013-10-23 22:48:04,978] DEBUG [myfruitcake.models:65] Entering fruitcake.save()
[2013-10-24 12:35:12,869] DEBUG [myfruitcake.views:336] Entering upload_file()
[2013-10-24 12:35:12,952] DEBUG [myfruitcake.views:336] Entering upload_file()
[2013-10-24 12:35:12,967] DEBUG [myfruitcake.models:65] Entering fruitcake.save()
[2013-10-24 12:35:49,855] DEBUG [myfruitcake.views:156] Email validation error: [u'Enter a valid email address.']
[2013-10-24 13:02:38,623] DEBUG [myfruitcake.views:341] Entering upload_file()
[2013-10-24 13:02:38,705] DEBUG [myfruitcake.views:341] Entering upload_file()
[2013-10-24 13:02:38,720] DEBUG [myfruitcake.models:65] Entering fruitcake.save()
[2013-10-24 13:03:12,098] DEBUG [myfruitcake.views:156] Email validation error: [u'Enter a valid email address.']
[2013-10-24 13:05:01,386] DEBUG [myfruitcake.views:341] Entering upload_file()
[2013-10-24 13:05:01,469] DEBUG [myfruitcake.views:341] Entering upload_file()
[2013-10-24 13:05:01,485] DEBUG [myfruitcake.models:65] Entering fruitcake.save()
[2013-10-24 13:21:09,033] DEBUG [myfruitcake.views:327] Entering upload_file()
[2013-10-24 13:21:09,118] DEBUG [myfruitcake.views:327] Entering upload_file()
[2013-10-24 13:21:09,132] DEBUG [myfruitcake.models:65] Entering fruitcake.save()
[2013-10-24 13:21:35,042] DEBUG [myfruitcake.views:154] Email validation error: [u'Enter a valid email address.']
[2013-10-24 14:23:48,023] DEBUG [myfruitcake.views:322] Entering upload_file()
[2013-10-24 14:23:48,148] DEBUG [myfruitcake.views:322] Entering upload_file()
[2013-10-24 14:23:48,170] DEBUG [myfruitcake.models:65] Entering fruitcake.save()
[2013-10-24 14:27:10,406] DEBUG [myfruitcake.views:322] Entering upload_file()
[2013-10-24 14:27:10,533] DEBUG [myfruitcake.views:322] Entering upload_file()
[2013-10-24 14:27:10,555] DEBUG [myfruitcake.models:65] Entering fruitcake.save()
[2013-10-24 14:28:09,747] DEBUG [myfruitcake.models:65] Entering fruitcake.save()
[2013-10-24 14:28:57,078] DEBUG [myfruitcake.models:65] Entering fruitcake.save()
[2013-10-24 14:30:14,004] DEBUG [myfruitcake.views:144] Email validation error on address /: [u'Enter a valid email address.']
[2013-10-24 14:34:54,409] DEBUG [myfruitcake.views:322] Entering upload_file()
[2013-10-24 14:34:54,496] DEBUG [myfruitcake.views:322] Entering upload_file()
[2013-10-24 14:34:54,511] DEBUG [myfruitcake.models:65] Entering fruitcake.save()
[2013-10-24 14:35:01,661] DEBUG [myfruitcake.models:65] Entering fruitcake.save()
[2013-10-24 14:35:05,868] DEBUG [myfruitcake.models:65] Entering fruitcake.save()
[2013-10-24 14:35:10,340] DEBUG [myfruitcake.views:144] Email validation error on address /: [u'Enter a valid email address.']
[2013-10-24 14:37:36,148] DEBUG [myfruitcake.views:322] Entering upload_file()
[2013-10-24 14:37:36,272] DEBUG [myfruitcake.views:322] Entering upload_file()
[2013-10-24 14:37:36,296] DEBUG [myfruitcake.models:65] Entering fruitcake.save()
[2013-10-24 14:37:40,618] DEBUG [myfruitcake.models:65] Entering fruitcake.save()
[2013-10-24 14:37:43,019] DEBUG [myfruitcake.models:65] Entering fruitcake.save()
[2013-10-24 14:37:47,100] DEBUG [myfruitcake.views:144] Email validation error on address /: [u'Enter a valid email address.']
[2013-10-24 14:48:45,080] DEBUG [myfruitcake.views:322] Entering upload_file()
[2013-10-24 14:48:45,203] DEBUG [myfruitcake.views:322] Entering upload_file()
[2013-10-24 14:48:45,224] DEBUG [myfruitcake.models:65] Entering fruitcake.save()
[2013-10-24 14:49:54,048] DEBUG [myfruitcake.models:65] Entering fruitcake.save()
[2013-10-24 14:49:54,320] DEBUG [myfruitcake.models:65] Entering fruitcake.save()
[2013-10-24 14:51:13,762] DEBUG [myfruitcake.views:144] Email validation error on address /: [u'Enter a valid email address.']
[2013-10-24 14:54:31,913] DEBUG [myfruitcake.views:322] Entering upload_file()
[2013-10-24 14:54:32,037] DEBUG [myfruitcake.views:322] Entering upload_file()
[2013-10-24 14:54:32,059] DEBUG [myfruitcake.models:65] Entering fruitcake.save()
[2013-10-24 14:54:40,126] DEBUG [myfruitcake.models:65] Entering fruitcake.save()
[2013-10-24 14:54:45,233] DEBUG [myfruitcake.models:65] Entering fruitcake.save()
[2013-10-24 14:54:59,200] DEBUG [myfruitcake.views:144] Email validation error on address /: [u'Enter a valid email address.']
[2013-10-24 14:59:41,913] DEBUG [myfruitcake.views:325] Entering upload_file()
[2013-10-24 14:59:42,041] DEBUG [myfruitcake.views:325] Entering upload_file()
[2013-10-24 14:59:42,066] DEBUG [myfruitcake.models:65] Entering fruitcake.save()
[2013-10-24 14:59:42,346] DEBUG [myfruitcake.models:65] Entering fruitcake.save()
[2013-10-24 14:59:42,547] DEBUG [myfruitcake.models:65] Entering fruitcake.save()
[2013-10-24 14:59:57,584] DEBUG [myfruitcake.views:144] Email validation error on address /: [u'Enter a valid email address.']
[2013-10-24 21:16:02,883] DEBUG [myfruitcake.views:326] Entering upload_file()
[2013-10-24 21:16:14,432] DEBUG [myfruitcake.views:326] Entering upload_file()
[2013-10-24 21:16:14,477] DEBUG [myfruitcake.models:65] Entering fruitcake.save()
[2013-10-24 21:34:10,816] DEBUG [myfruitcake.views:326] Entering upload_file()
[2013-10-24 21:34:18,740] DEBUG [myfruitcake.views:326] Entering upload_file()
[2013-10-24 21:34:18,845] DEBUG [myfruitcake.models:65] Entering fruitcake.save()
[2013-10-24 21:37:20,780] DEBUG [myfruitcake.views:326] Entering upload_file()
[2013-10-24 21:37:20,993] DEBUG [myfruitcake.views:326] Entering upload_file()
[2013-10-24 21:37:21,036] DEBUG [myfruitcake.models:65] Entering fruitcake.save()
[2013-10-24 21:39:04,567] DEBUG [myfruitcake.views:326] Entering upload_file()
[2013-10-24 21:39:04,778] DEBUG [myfruitcake.views:326] Entering upload_file()
[2013-10-24 21:39:04,809] DEBUG [myfruitcake.models:65] Entering fruitcake.save()
[2013-10-24 21:39:05,437] DEBUG [myfruitcake.models:65] Entering fruitcake.save()
[2013-10-24 21:39:05,924] DEBUG [myfruitcake.models:65] Entering fruitcake.save()
[2013-10-24 21:39:06,387] DEBUG [myfruitcake.views:144] Email validation error on address /: [u'Enter a valid email address.']
[2013-10-24 21:40:22,340] DEBUG [myfruitcake.views:326] Entering upload_file()
[2013-10-24 21:40:22,554] DEBUG [myfruitcake.views:326] Entering upload_file()
[2013-10-24 21:40:22,596] DEBUG [myfruitcake.models:65] Entering fruitcake.save()
[2013-10-24 21:43:17,357] DEBUG [myfruitcake.views:326] Entering upload_file()
[2013-10-24 21:43:17,545] DEBUG [myfruitcake.views:326] Entering upload_file()
[2013-10-24 21:43:17,573] DEBUG [myfruitcake.models:65] Entering fruitcake.save()
[2013-10-24 21:43:18,201] DEBUG [myfruitcake.models:65] Entering fruitcake.save()
[2013-10-24 21:43:18,679] DEBUG [myfruitcake.models:65] Entering fruitcake.save()
[2013-10-24 21:43:19,170] DEBUG [myfruitcake.views:144] Email validation error on address /: [u'Enter a valid email address.']
[2013-10-24 23:34:16,913] DEBUG [myfruitcake.views:329] Entering upload_file()
[2013-10-24 23:34:17,126] DEBUG [myfruitcake.views:329] Entering upload_file()
[2013-10-24 23:34:17,170] DEBUG [myfruitcake.models:65] Entering fruitcake.save()
[2013-10-24 23:34:22,271] DEBUG [myfruitcake.views:329] Entering upload_file()
[2013-10-24 23:34:22,455] DEBUG [myfruitcake.views:329] Entering upload_file()
[2013-10-24 23:34:22,482] DEBUG [myfruitcake.models:65] Entering fruitcake.save()
[2013-10-24 23:34:22,815] DEBUG [myfruitcake.views:329] Entering upload_file()
[2013-10-24 23:34:23,168] DEBUG [myfruitcake.models:65] Entering fruitcake.save()
[2013-10-24 23:34:23,692] DEBUG [myfruitcake.models:65] Entering fruitcake.save()
[2013-10-24 23:34:24,149] DEBUG [myfruitcake.views:146] Email validation error on address /: [u'Enter a valid email address.']
[2013-10-24 23:36:53,166] DEBUG [myfruitcake.views:329] Entering upload_file()
[2013-10-24 23:36:53,377] DEBUG [myfruitcake.views:329] Entering upload_file()
[2013-10-24 23:36:53,420] DEBUG [myfruitcake.models:65] Entering fruitcake.save()
[2013-10-24 23:36:58,521] DEBUG [myfruitcake.views:329] Entering upload_file()
[2013-10-24 23:36:58,709] DEBUG [myfruitcake.views:329] Entering upload_file()
[2013-10-24 23:36:58,736] DEBUG [myfruitcake.models:65] Entering fruitcake.save()
[2013-10-24 23:36:59,063] DEBUG [myfruitcake.views:329] Entering upload_file()
[2013-10-24 23:36:59,412] DEBUG [myfruitcake.models:65] Entering fruitcake.save()
[2013-10-24 23:36:59,930] DEBUG [myfruitcake.models:65] Entering fruitcake.save()
[2013-10-24 23:37:00,378] DEBUG [myfruitcake.views:146] Email validation error on address /: [u'Enter a valid email address.']
[2013-10-24 23:41:49,614] DEBUG [myfruitcake.views:329] Entering upload_file()
[2013-10-24 23:41:49,828] DEBUG [myfruitcake.views:329] Entering upload_file()
[2013-10-24 23:41:49,871] DEBUG [myfruitcake.models:65] Entering fruitcake.save()
[2013-10-24 23:41:54,986] DEBUG [myfruitcake.views:329] Entering upload_file()
[2013-10-24 23:41:55,169] DEBUG [myfruitcake.views:329] Entering upload_file()
[2013-10-24 23:41:55,196] DEBUG [myfruitcake.models:65] Entering fruitcake.save()
[2013-10-24 23:41:55,526] DEBUG [myfruitcake.views:329] Entering upload_file()
[2013-10-24 23:41:55,879] DEBUG [myfruitcake.models:65] Entering fruitcake.save()
[2013-10-24 23:41:56,399] DEBUG [myfruitcake.models:65] Entering fruitcake.save()
[2013-10-24 23:41:56,854] DEBUG [myfruitcake.views:146] Email validation error on address /: [u'Enter a valid email address.']
[2013-10-24 23:42:01,426] DEBUG [myfruitcake.models:65] Entering fruitcake.save()
[2013-10-25 16:24:09,721] DEBUG [myfruitcake.views:329] Entering upload_file()
[2013-10-25 16:24:09,840] DEBUG [myfruitcake.views:329] Entering upload_file()
[2013-10-25 16:24:09,862] DEBUG [myfruitcake.models:65] Entering fruitcake.save()
[2013-10-25 16:24:12,049] DEBUG [myfruitcake.views:329] Entering upload_file()
[2013-10-25 16:24:12,152] DEBUG [myfruitcake.views:329] Entering upload_file()
[2013-10-25 16:24:12,167] DEBUG [myfruitcake.models:65] Entering fruitcake.save()
[2013-10-25 16:24:12,310] DEBUG [myfruitcake.views:329] Entering upload_file()
[2013-10-25 16:24:30,495] DEBUG [myfruitcake.models:65] Entering fruitcake.save()
[2013-10-25 16:24:54,222] DEBUG [myfruitcake.models:65] Entering fruitcake.save()
[2013-10-25 16:25:36,222] DEBUG [myfruitcake.views:146] Email validation error on address /: [u'Enter a valid email address.']
[2013-10-25 16:27:10,586] DEBUG [myfruitcake.views:146] Email validation error on address 1@67: [u'Enter a valid email address.']
[2013-10-25 16:27:50,614] DEBUG [myfruitcake.views:146] Email validation error on address Pelé@example.com: [u'Enter a valid email address.']
[2013-10-25 16:28:21,235] DEBUG [myfruitcake.views:146] Email validation error on address 甲斐@黒川.日本: [u'Enter a valid email address.']
[2013-10-25 16:28:30,075] DEBUG [myfruitcake.models:65] Entering fruitcake.save()
[2013-10-25 16:28:31,769] DEBUG [myfruitcake.models:65] Entering fruitcake.save()
[2013-10-25 17:04:25,343] DEBUG [myfruitcake.views:335] Entering upload_file()
[2013-10-25 17:04:25,423] DEBUG [myfruitcake.views:335] Entering upload_file()
[2013-10-25 17:04:25,437] DEBUG [myfruitcake.models:65] Entering fruitcake.save()
[2013-10-25 17:04:27,346] DEBUG [myfruitcake.views:335] Entering upload_file()
[2013-10-25 17:04:27,415] DEBUG [myfruitcake.views:335] Entering upload_file()
[2013-10-25 17:04:27,425] DEBUG [myfruitcake.models:65] Entering fruitcake.save()
[2013-10-25 17:04:27,551] DEBUG [myfruitcake.views:335] Entering upload_file()
[2013-10-25 17:04:35,015] DEBUG [myfruitcake.models:65] Entering fruitcake.save()
[2013-10-25 17:04:35,297] DEBUG [myfruitcake.models:65] Entering fruitcake.save()
[2013-10-25 17:04:37,932] DEBUG [myfruitcake.views:147] Email validation error on address /: [u'Enter a valid email address.']
[2013-10-25 17:04:40,742] DEBUG [myfruitcake.views:147] Email validation error on address 1@67: [u'Enter a valid email address.']
[2013-10-25 17:04:41,652] DEBUG [myfruitcake.views:147] Email validation error on address Pelé@example.com: [u'Enter a valid email address.']
[2013-10-25 17:04:42,537] DEBUG [myfruitcake.views:147] Email validation error on address 甲斐@黒川.日本: [u'Enter a valid email address.']
[2013-10-25 17:04:43,617] DEBUG [myfruitcake.models:65] Entering fruitcake.save()
[2013-10-25 17:04:43,795] DEBUG [myfruitcake.models:65] Entering fruitcake.save()
